<?xml version="1.0" encoding="UTF-8"?>
<testsuite xmlns:xsi="http://www.w3.org/2001/XMLSchema-instance" xsi:noNamespaceSchemaLocation="https://maven.apache.org/surefire/maven-surefire-plugin/xsd/surefire-test-report-3.0.xsd" version="3.0" name="InjectedTest" time="74.872" tests="40" errors="0" skipped="0" failures="0">
  <properties>
[...]
</properties>
  <testcase name="hudson/plugins/sonar/SonarRunnerBuilder/config.jelly" classname="org.jvnet.hudson.test.JellyTestSuiteBuilder$JellyCheck" time="1.716"/>
  <testcase name="hudson/plugins/sonar/MsBuildSQRunnerInstallation/config.jelly" classname="org.jvnet.hudson.test.JellyTestSuiteBuilder$JellyCheck" time="0"/>
  <testcase name="hudson/plugins/sonar/SonarPublisher/config.jelly" classname="org.jvnet.hudson.test.JellyTestSuiteBuilder$JellyCheck" time="1.971"/>
  <testcase name="hudson/plugins/sonar/action/SonarBuildBadgeAction/badge.jelly" classname="org.jvnet.hudson.test.JellyTestSuiteBuilder$JellyCheck" time="0.064"/>
  <testcase name="hudson/plugins/sonar/MsBuildSQRunnerBegin/config.jelly" classname="org.jvnet.hudson.test.JellyTestSuiteBuilder$JellyCheck" time="0.455"/>
  <testcase name="hudson/plugins/sonar/SonarGlobalConfiguration/config.jelly" classname="org.jvnet.hudson.test.JellyTestSuiteBuilder$JellyCheck" time="0.281"/>
  <testcase name="hudson/plugins/sonar/SonarPublisher/triggers.jelly" classname="org.jvnet.hudson.test.JellyTestSuiteBuilder$JellyCheck" time="0.07"/>
  <testcase name="hudson/plugins/sonar/action/SonarProjectPageAction/jobMain.jelly" classname="org.jvnet.hudson.test.JellyTestSuiteBuilder$JellyCheck" time="0.017"/>
  <testcase name="hudson/plugins/sonar/MsBuildSQRunnerEnd/config.jelly" classname="org.jvnet.hudson.test.JellyTestSuiteBuilder$JellyCheck" time="0.011"/>
  <testcase name="hudson/plugins/sonar/SonarBuildWrapper/config.jelly" classname="org.jvnet.hudson.test.JellyTestSuiteBuilder$JellyCheck" time="0.049"/>
  <testcase name="hudson/plugins/sonar/SonarGlobalConfiguration/triggers.jelly" classname="org.jvnet.hudson.test.JellyTestSuiteBuilder$JellyCheck" time="0.068"/>
  <testcase name="index.jelly" classname="org.jvnet.hudson.test.JellyTestSuiteBuilder$JellyCheck" time="0.007"/>
  <testcase name="hudson/plugins/sonar/SonarRunnerInstallation/config.jelly" classname="org.jvnet.hudson.test.JellyTestSuiteBuilder$JellyCheck" time="0.032"/>
  <testcase name="org/sonarsource/scanner/jenkins/pipeline/WaitForQualityGateStep/config.jelly" classname="org.jvnet.hudson.test.JellyTestSuiteBuilder$JellyCheck" time="0.048"/>
  <testcase name="testCliSanity" classname="org.jvnet.hudson.test.PluginAutomaticTestBuilder$OtherTests" time="0.032"/>
  <testcase name="testPluginActive" classname="org.jvnet.hudson.test.PluginAutomaticTestBuilder$OtherTests" time="0"/>
  <testcase name="org.jvnet.hudson.test.JellyTestSuiteBuilder$JellyTestSuite" classname="org.jvnet.hudson.test.junit.FailedTest" time="0"/>
  <testcase name="hudson/plugins/sonar/MsBuildSQRunnerBegin/config.properties" classname="org.jvnet.hudson.test.PropertiesTestSuite$PropertiesTest" time="0.029"/>
  <testcase name="hudson/plugins/sonar/SonarPublisher/triggers_fr.properties" classname="org.jvnet.hudson.test.PropertiesTestSuite$PropertiesTest" time="0.051"/>
  <testcase name="hudson/plugins/sonar/SonarPublisher/config_es.properties" classname="org.jvnet.hudson.test.PropertiesTestSuite$PropertiesTest" time="0.051"/>
  <testcase name="hudson/plugins/sonar/Messages.properties" classname="org.jvnet.hudson.test.PropertiesTestSuite$PropertiesTest" time="0"/>
  <testcase name="hudson/plugins/sonar/SonarGlobalConfiguration/config_hu.properties" classname="org.jvnet.hudson.test.PropertiesTestSuite$PropertiesTest" time="0.05"/>
  <testcase name="hudson/plugins/sonar/action/SonarProjectPageAction/jobMain.properties" classname="org.jvnet.hudson.test.PropertiesTestSuite$PropertiesTest" time="0.054"/>
  <testcase name="hudson/plugins/sonar/SonarGlobalConfiguration/config_nl.properties" classname="org.jvnet.hudson.test.PropertiesTestSuite$PropertiesTest" time="0.055"/>
  <testcase name="hudson/plugins/sonar/Messages_es.properties" classname="org.jvnet.hudson.test.PropertiesTestSuite$PropertiesTest" time="0.057"/>
  <testcase name="hudson/plugins/sonar/SonarGlobalConfiguration/triggers.properties" classname="org.jvnet.hudson.test.PropertiesTestSuite$PropertiesTest" time="0.052"/>
  <testcase name="hudson/plugins/sonar/MsBuildSQRunnerBegin/config_fr.properties" classname="org.jvnet.hudson.test.PropertiesTestSuite$PropertiesTest" time="0.045"/>
  <testcase name="hudson/plugins/sonar/SonarGlobalConfiguration/config_de.properties" classname="org.jvnet.hudson.test.PropertiesTestSuite$PropertiesTest" time="0.054"/>
  <testcase name="hudson/plugins/sonar/SonarGlobalConfiguration/config_fr.properties" classname="org.jvnet.hudson.test.PropertiesTestSuite$PropertiesTest" time="0.059"/>
  <testcase name="hudson/plugins/sonar/SonarBuildWrapper/config_fr.properties" classname="org.jvnet.hudson.test.PropertiesTestSuite$PropertiesTest" time="0.057"/>
  <testcase name="hudson/plugins/sonar/SonarPublisher/config_fr.properties" classname="org.jvnet.hudson.test.PropertiesTestSuite$PropertiesTest" time="0.06"/>
  <testcase name="hudson/plugins/sonar/SonarRunnerBuilder/config.properties" classname="org.jvnet.hudson.test.PropertiesTestSuite$PropertiesTest" time="0.051"/>
  <testcase name="hudson/plugins/sonar/Messages_fr.properties" classname="org.jvnet.hudson.test.PropertiesTestSuite$PropertiesTest" time="0.054"/>
  <testcase name="hudson/plugins/sonar/SonarRunnerBuilder/config_fr.properties" classname="org.jvnet.hudson.test.PropertiesTestSuite$PropertiesTest" time="0.05"/>
  <testcase name="hudson/plugins/sonar/SonarBuildWrapper/config.properties" classname="org.jvnet.hudson.test.PropertiesTestSuite$PropertiesTest" time="0.138"/>
  <testcase name="hudson/plugins/sonar/SonarGlobalConfiguration/config_es.properties" classname="org.jvnet.hudson.test.PropertiesTestSuite$PropertiesTest" time="0.054"/>
  <testcase name="hudson/plugins/sonar/SonarGlobalConfiguration/config.properties" classname="org.jvnet.hudson.test.PropertiesTestSuite$PropertiesTest" time="0.074"/>
  <testcase name="hudson/plugins/sonar/SonarPublisher/triggers.properties" classname="org.jvnet.hudson.test.PropertiesTestSuite$PropertiesTest" time="0.156"/>
  <testcase name="hudson/plugins/sonar/SonarGlobalConfiguration/triggers_fr.properties" classname="org.jvnet.hudson.test.PropertiesTestSuite$PropertiesTest" time="0.001"/>
  <testcase name="hudson/plugins/sonar/SonarPublisher/config.properties" classname="org.jvnet.hudson.test.PropertiesTestSuite$PropertiesTest" time="0.062"/>
</testsuite>